cl : 명령줄 warning D9035: 'Gm' 옵션은 더 이상 사용되지 않으므로 이후 릴리스에서 제거될 예정입니다.
  stdafx.cpp
  _WIN32_WINNT not defined. Defaulting to _WIN32_WINNT_MAXVER (see WinSDKVer.h)
cl : 명령줄 warning D9035: 'Gm' 옵션은 더 이상 사용되지 않으므로 이후 릴리스에서 제거될 예정입니다.
  SCTPLayer.cpp
  S1APLayer.cpp
  PacketSenderDlg.cpp
  PacketSender.cpp
  NILayer.cpp
  LinkLayer.cpp
c:\users\jooyoung\desktop\이동통신\packetsender_ue_distribution_191118\packetsender\linklayer.cpp(1): warning C4819: 현재 코드 페이지(949)에서 표시할 수 없는 문자가 파일에 들어 있습니다. 데이터가 손실되지 않게 하려면 해당 파일을 유니코드 형식으로 저장하십시오.
  LayerManager.cpp
c:\users\jooyoung\desktop\이동통신\packetsender_ue_distribution_191118\packetsender\layermanager.cpp(66): warning C4996: 'sscanf': This function or variable may be unsafe. Consider using sscanf_s instead. To disable deprecation, use _CRT_SECURE_NO_WARNINGS. See online help for details.
  c:\program files (x86)\windows kits\10\include\10.0.17763.0\ucrt\stdio.h(2263): note: 'sscanf' 선언을 참조하십시오.
c:\users\jooyoung\desktop\이동통신\packetsender_ue_distribution_191118\packetsender\layermanager.cpp(79): warning C4996: 'strcpy': This function or variable may be unsafe. Consider using strcpy_s instead. To disable deprecation, use _CRT_SECURE_NO_WARNINGS. See online help for details.
  c:\program files (x86)\windows kits\10\include\10.0.17763.0\ucrt\string.h(133): note: 'strcpy' 선언을 참조하십시오.
  IPLayer.cpp
  BaseLayer.cpp
  코드를 생성하고 있습니다...
c:\users\jooyoung\desktop\이동통신\packetsender_ue_distribution_191118\packetsender\nilayer.cpp(262): warning C4172: 지역 변수 또는 임시: my_ipaddr의 주소를 반환하고 있습니다.
c:\users\jooyoung\desktop\이동통신\packetsender_ue_distribution_191118\packetsender\packetsenderdlg.cpp(481): warning C4172: 지역 변수 또는 임시: temp의 주소를 반환하고 있습니다.
c:\users\jooyoung\desktop\이동통신\packetsender_ue_distribution_191118\packetsender\packetsenderdlg.cpp(473): warning C4172: 지역 변수 또는 임시: temp의 주소를 반환하고 있습니다.
c:\users\jooyoung\desktop\이동통신\packetsender_ue_distribution_191118\packetsender\packetsenderdlg.cpp(490): warning C4172: 지역 변수 또는 임시: temp의 주소를 반환하고 있습니다.
c:\users\jooyoung\desktop\이동통신\packetsender_ue_distribution_191118\packetsender\packetsenderdlg.cpp(499): warning C4172: 지역 변수 또는 임시: temp의 주소를 반환하고 있습니다.
c:\users\jooyoung\desktop\이동통신\packetsender_ue_distribution_191118\packetsender\packetsenderdlg.cpp(517): warning C4172: 지역 변수 또는 임시: temp의 주소를 반환하고 있습니다.
c:\users\jooyoung\desktop\이동통신\packetsender_ue_distribution_191118\packetsender\packetsenderdlg.cpp(508): warning C4172: 지역 변수 또는 임시: temp의 주소를 반환하고 있습니다.
  PacketSender.vcxproj -> C:\Users\jooyoung\Desktop\이동통신\PacketSender_UE_distribution_191118\PacketSender\Debug\PacketSender.exe
